{"uid":"4900717c78143dbb","name":"System Admin should not be able to create project with invalid id","fullName":"com.example.teamcity.api.NewProjectTest.systemAdminCreatesProjectWithInvalidIdTest","historyId":"33f89030e934c41c790421bec728a8bd","time":{"start":1762466749772,"stop":1762466749912,"duration":140},"status":"failed","statusMessage":"2 expectations failed.\nExpected status code <500> but was <200>.\n\nResponse body doesn't match expectation.\nExpected: a string containing \"Maximum characters number was exceeded\"\n  Actual: {\"id\":\"t1t1t1t1t1t1t1t1t1t1t1t1t1t1t1t1t1t1t1t1t1t1t1t1t1t1t1t1t1t1t1t1t1t1t1t1t1t1t1t1t\",\"name\":\"test_jZAkLLXwUr\",\"parentProjectId\":\"_Root\",\"virtual\":false,\"href\":\"/app/rest/projects/id:t1t1t1t1t1t1t1t1t1t1t1t1t1t1t1t1t1t1t1t1t1t1t1t1t1t1t1t1t1t1t1t1t1t1t1t1t1t1t1t1t\",\"webUrl\":\"http://localhost:8111/project.html?projectId=t1t1t1t1t1t1t1t1t1t1t1t1t1t1t1t1t1t1t1t1t1t1t1t1t1t1t1t1t1t1t1t1t1t1t1t1t1t1t1t1t\",\"parentProject\":{\"id\":\"_Root\",\"name\":\"<Root project>\",\"description\":\"Contains all other projects\",\"href\":\"/app/rest/projects/id:_Root\",\"webUrl\":\"http://localhost:8111/project.html?projectId=_Root\"},\"buildTypes\":{\"count\":0,\"buildType\":[]},\"templates\":{\"count\":0,\"buildType\":[]},\"deploymentDashboards\":{\"count\":0},\"parameters\":{\"count\":0,\"href\":\"/app/rest/projects/id:t1t1t1t1t1t1t1t1t1t1t1t1t1t1t1t1t1t1t1t1t1t1t1t1t1t1t1t1t1t1t1t1t1t1t1t1t1t1t1t1t/parameters\",\"property\":[]},\"vcsRoots\":{\"count\":0,\"href\":\"/app/rest/vcs-roots?locator=project:(id:t1t1t1t1t1t1t1t1t1t1t1t1t1t1t1t1t1t1t1t1t1t1t1t1t1t1t1t1t1t1t1t1t1t1t1t1t1t1t1t1t)\"},\"projectFeatures\":{\"count\":0,\"href\":\"/app/rest/projects/id:t1t1t1t1t1t1t1t1t1t1t1t1t1t1t1t1t1t1t1t1t1t1t1t1t1t1t1t1t1t1t1t1t1t1t1t1t1t1t1t1t/projectFeatures\"},\"projects\":{\"count\":0}}\n","statusTrace":"java.lang.AssertionError: 2 expectations failed.\nExpected status code <500> but was <200>.\n\nResponse body doesn't match expectation.\nExpected: a string containing \"Maximum characters number was exceeded\"\n  Actual: {\"id\":\"t1t1t1t1t1t1t1t1t1t1t1t1t1t1t1t1t1t1t1t1t1t1t1t1t1t1t1t1t1t1t1t1t1t1t1t1t1t1t1t1t\",\"name\":\"test_jZAkLLXwUr\",\"parentProjectId\":\"_Root\",\"virtual\":false,\"href\":\"/app/rest/projects/id:t1t1t1t1t1t1t1t1t1t1t1t1t1t1t1t1t1t1t1t1t1t1t1t1t1t1t1t1t1t1t1t1t1t1t1t1t1t1t1t1t\",\"webUrl\":\"http://localhost:8111/project.html?projectId=t1t1t1t1t1t1t1t1t1t1t1t1t1t1t1t1t1t1t1t1t1t1t1t1t1t1t1t1t1t1t1t1t1t1t1t1t1t1t1t1t\",\"parentProject\":{\"id\":\"_Root\",\"name\":\"<Root project>\",\"description\":\"Contains all other projects\",\"href\":\"/app/rest/projects/id:_Root\",\"webUrl\":\"http://localhost:8111/project.html?projectId=_Root\"},\"buildTypes\":{\"count\":0,\"buildType\":[]},\"templates\":{\"count\":0,\"buildType\":[]},\"deploymentDashboards\":{\"count\":0},\"parameters\":{\"count\":0,\"href\":\"/app/rest/projects/id:t1t1t1t1t1t1t1t1t1t1t1t1t1t1t1t1t1t1t1t1t1t1t1t1t1t1t1t1t1t1t1t1t1t1t1t1t1t1t1t1t/parameters\",\"property\":[]},\"vcsRoots\":{\"count\":0,\"href\":\"/app/rest/vcs-roots?locator=project:(id:t1t1t1t1t1t1t1t1t1t1t1t1t1t1t1t1t1t1t1t1t1t1t1t1t1t1t1t1t1t1t1t1t1t1t1t1t1t1t1t1t)\"},\"projectFeatures\":{\"count\":0,\"href\":\"/app/rest/projects/id:t1t1t1t1t1t1t1t1t1t1t1t1t1t1t1t1t1t1t1t1t1t1t1t1t1t1t1t1t1t1t1t1t1t1t1t1t1t1t1t1t/projectFeatures\"},\"projects\":{\"count\":0}}\n\n\tat java.base/jdk.internal.reflect.NativeConstructorAccessorImpl.newInstance0(Native Method)\n\tat java.base/jdk.internal.reflect.NativeConstructorAccessorImpl.newInstance(NativeConstructorAccessorImpl.java:77)\n\tat java.base/jdk.internal.reflect.DelegatingConstructorAccessorImpl.newInstance(DelegatingConstructorAccessorImpl.java:45)\n\tat java.base/java.lang.reflect.Constructor.newInstanceWithCaller(Constructor.java:500)\n\tat java.base/java.lang.reflect.Constructor.newInstance(Constructor.java:481)\n\tat org.codehaus.groovy.reflection.CachedConstructor.invoke(CachedConstructor.java:73)\n\tat org.codehaus.groovy.runtime.callsite.ConstructorSite$ConstructorSiteNoUnwrapNoCoerce.callConstructor(ConstructorSite.java:108)\n\tat org.codehaus.groovy.runtime.callsite.CallSiteArray.defaultCallConstructor(CallSiteArray.java:58)\n\tat org.codehaus.groovy.runtime.callsite.AbstractCallSite.callConstructor(AbstractCallSite.java:263)\n\tat org.codehaus.groovy.runtime.callsite.AbstractCallSite.callConstructor(AbstractCallSite.java:277)\n\tat io.restassured.internal.ResponseSpecificationImpl$HamcrestAssertionClosure.validate(ResponseSpecificationImpl.groovy:512)\n\tat io.restassured.internal.ResponseSpecificationImpl$HamcrestAssertionClosure$validate$1.call(Unknown Source)\n\tat io.restassured.internal.ResponseSpecificationImpl.validate(ResponseSpecificationImpl.groovy:101)\n\tat io.restassured.internal.ValidatableResponseOptionsImpl.spec(ValidatableResponseOptionsImpl.java:288)\n\tat com.example.teamcity.api.NewProjectTest.lambda$systemAdminCreatesProjectWithInvalidIdTest$22(NewProjectTest.java:188)\n\tat io.qameta.allure.Allure.lambda$step$0(Allure.java:113)\n\tat io.qameta.allure.Allure.lambda$step$1(Allure.java:127)\n\tat io.qameta.allure.Allure.step(Allure.java:181)\n\tat io.qameta.allure.Allure.step(Allure.java:125)\n\tat io.qameta.allure.Allure.step(Allure.java:112)\n\tat com.example.teamcity.api.NewProjectTest.systemAdminCreatesProjectWithInvalidIdTest(NewProjectTest.java:184)\n\tat java.base/jdk.internal.reflect.NativeMethodAccessorImpl.invoke0(Native Method)\n\tat java.base/jdk.internal.reflect.NativeMethodAccessorImpl.invoke(NativeMethodAccessorImpl.java:77)\n\tat java.base/jdk.internal.reflect.DelegatingMethodAccessorImpl.invoke(DelegatingMethodAccessorImpl.java:43)\n\tat java.base/java.lang.reflect.Method.invoke(Method.java:569)\n\tat org.testng.internal.invokers.MethodInvocationHelper.invokeMethod(MethodInvocationHelper.java:141)\n\tat org.testng.internal.invokers.TestInvoker.invokeMethod(TestInvoker.java:686)\n\tat org.testng.internal.invokers.TestInvoker.invokeTestMethod(TestInvoker.java:230)\n\tat org.testng.internal.invokers.MethodRunner.runInSequence(MethodRunner.java:63)\n\tat org.testng.internal.invokers.TestInvoker$MethodInvocationAgent.invoke(TestInvoker.java:992)\n\tat org.testng.internal.invokers.TestInvoker.invokeTestMethods(TestInvoker.java:203)\n\tat org.testng.internal.invokers.TestMethodWorker.invokeTestMethods(TestMethodWorker.java:154)\n\tat org.testng.internal.invokers.TestMethodWorker.run(TestMethodWorker.java:134)\n\tat java.base/java.util.ArrayList.forEach(ArrayList.java:1511)\n\tat org.testng.TestRunner.privateRun(TestRunner.java:739)\n\tat org.testng.TestRunner.run(TestRunner.java:614)\n\tat org.testng.SuiteRunner.runTest(SuiteRunner.java:421)\n\tat org.testng.SuiteRunner.runSequentially(SuiteRunner.java:413)\n\tat org.testng.SuiteRunner.privateRun(SuiteRunner.java:373)\n\tat org.testng.SuiteRunner.run(SuiteRunner.java:312)\n\tat org.testng.SuiteRunnerWorker.runSuite(SuiteRunnerWorker.java:52)\n\tat org.testng.SuiteRunnerWorker.run(SuiteRunnerWorker.java:95)\n\tat org.testng.TestNG.runSuitesSequentially(TestNG.java:1274)\n\tat org.testng.TestNG.runSuitesLocally(TestNG.java:1208)\n\tat org.testng.TestNG.runSuites(TestNG.java:1112)\n\tat org.testng.TestNG.run(TestNG.java:1079)\n\tat org.apache.maven.surefire.testng.TestNGExecutor.run(TestNGExecutor.java:155)\n\tat org.apache.maven.surefire.testng.TestNGDirectoryTestSuite.executeMulti(TestNGDirectoryTestSuite.java:169)\n\tat org.apache.maven.surefire.testng.TestNGDirectoryTestSuite.execute(TestNGDirectoryTestSuite.java:88)\n\tat org.apache.maven.surefire.testng.TestNGProvider.invoke(TestNGProvider.java:137)\n\tat org.apache.maven.surefire.booter.ForkedBooter.runSuitesInProcess(ForkedBooter.java:385)\n\tat org.apache.maven.surefire.booter.ForkedBooter.execute(ForkedBooter.java:162)\n\tat org.apache.maven.surefire.booter.ForkedBooter.run(ForkedBooter.java:507)\n\tat org.apache.maven.surefire.booter.ForkedBooter.main(ForkedBooter.java:495)\n","flaky":false,"newFailed":false,"newBroken":false,"newPassed":false,"retriesCount":0,"retriesStatusChange":false,"beforeStages":[{"name":"beforeTest","time":{"start":1762466749768,"stop":1762466749769,"duration":1},"description":"","status":"passed","steps":[],"attachments":[],"parameters":[],"stepsCount":0,"shouldDisplayMessage":false,"attachmentsCount":0,"hasContent":false,"attachmentStep":false},{"name":"apiBeforeMethod","time":{"start":1762466749770,"stop":1762466749770,"duration":0},"description":"","status":"passed","steps":[],"attachments":[],"parameters":[],"stepsCount":0,"shouldDisplayMessage":false,"attachmentsCount":0,"hasContent":false,"attachmentStep":false}],"testStage":{"status":"failed","statusMessage":"2 expectations failed.\nExpected status code <500> but was <200>.\n\nResponse body doesn't match expectation.\nExpected: a string containing \"Maximum characters number was exceeded\"\n  Actual: {\"id\":\"t1t1t1t1t1t1t1t1t1t1t1t1t1t1t1t1t1t1t1t1t1t1t1t1t1t1t1t1t1t1t1t1t1t1t1t1t1t1t1t1t\",\"name\":\"test_jZAkLLXwUr\",\"parentProjectId\":\"_Root\",\"virtual\":false,\"href\":\"/app/rest/projects/id:t1t1t1t1t1t1t1t1t1t1t1t1t1t1t1t1t1t1t1t1t1t1t1t1t1t1t1t1t1t1t1t1t1t1t1t1t1t1t1t1t\",\"webUrl\":\"http://localhost:8111/project.html?projectId=t1t1t1t1t1t1t1t1t1t1t1t1t1t1t1t1t1t1t1t1t1t1t1t1t1t1t1t1t1t1t1t1t1t1t1t1t1t1t1t1t\",\"parentProject\":{\"id\":\"_Root\",\"name\":\"<Root project>\",\"description\":\"Contains all other projects\",\"href\":\"/app/rest/projects/id:_Root\",\"webUrl\":\"http://localhost:8111/project.html?projectId=_Root\"},\"buildTypes\":{\"count\":0,\"buildType\":[]},\"templates\":{\"count\":0,\"buildType\":[]},\"deploymentDashboards\":{\"count\":0},\"parameters\":{\"count\":0,\"href\":\"/app/rest/projects/id:t1t1t1t1t1t1t1t1t1t1t1t1t1t1t1t1t1t1t1t1t1t1t1t1t1t1t1t1t1t1t1t1t1t1t1t1t1t1t1t1t/parameters\",\"property\":[]},\"vcsRoots\":{\"count\":0,\"href\":\"/app/rest/vcs-roots?locator=project:(id:t1t1t1t1t1t1t1t1t1t1t1t1t1t1t1t1t1t1t1t1t1t1t1t1t1t1t1t1t1t1t1t1t1t1t1t1t1t1t1t1t)\"},\"projectFeatures\":{\"count\":0,\"href\":\"/app/rest/projects/id:t1t1t1t1t1t1t1t1t1t1t1t1t1t1t1t1t1t1t1t1t1t1t1t1t1t1t1t1t1t1t1t1t1t1t1t1t1t1t1t1t/projectFeatures\"},\"projects\":{\"count\":0}}\n","statusTrace":"java.lang.AssertionError: 2 expectations failed.\nExpected status code <500> but was <200>.\n\nResponse body doesn't match expectation.\nExpected: a string containing \"Maximum characters number was exceeded\"\n  Actual: {\"id\":\"t1t1t1t1t1t1t1t1t1t1t1t1t1t1t1t1t1t1t1t1t1t1t1t1t1t1t1t1t1t1t1t1t1t1t1t1t1t1t1t1t\",\"name\":\"test_jZAkLLXwUr\",\"parentProjectId\":\"_Root\",\"virtual\":false,\"href\":\"/app/rest/projects/id:t1t1t1t1t1t1t1t1t1t1t1t1t1t1t1t1t1t1t1t1t1t1t1t1t1t1t1t1t1t1t1t1t1t1t1t1t1t1t1t1t\",\"webUrl\":\"http://localhost:8111/project.html?projectId=t1t1t1t1t1t1t1t1t1t1t1t1t1t1t1t1t1t1t1t1t1t1t1t1t1t1t1t1t1t1t1t1t1t1t1t1t1t1t1t1t\",\"parentProject\":{\"id\":\"_Root\",\"name\":\"<Root project>\",\"description\":\"Contains all other projects\",\"href\":\"/app/rest/projects/id:_Root\",\"webUrl\":\"http://localhost:8111/project.html?projectId=_Root\"},\"buildTypes\":{\"count\":0,\"buildType\":[]},\"templates\":{\"count\":0,\"buildType\":[]},\"deploymentDashboards\":{\"count\":0},\"parameters\":{\"count\":0,\"href\":\"/app/rest/projects/id:t1t1t1t1t1t1t1t1t1t1t1t1t1t1t1t1t1t1t1t1t1t1t1t1t1t1t1t1t1t1t1t1t1t1t1t1t1t1t1t1t/parameters\",\"property\":[]},\"vcsRoots\":{\"count\":0,\"href\":\"/app/rest/vcs-roots?locator=project:(id:t1t1t1t1t1t1t1t1t1t1t1t1t1t1t1t1t1t1t1t1t1t1t1t1t1t1t1t1t1t1t1t1t1t1t1t1t1t1t1t1t)\"},\"projectFeatures\":{\"count\":0,\"href\":\"/app/rest/projects/id:t1t1t1t1t1t1t1t1t1t1t1t1t1t1t1t1t1t1t1t1t1t1t1t1t1t1t1t1t1t1t1t1t1t1t1t1t1t1t1t1t/projectFeatures\"},\"projects\":{\"count\":0}}\n\n\tat java.base/jdk.internal.reflect.NativeConstructorAccessorImpl.newInstance0(Native Method)\n\tat java.base/jdk.internal.reflect.NativeConstructorAccessorImpl.newInstance(NativeConstructorAccessorImpl.java:77)\n\tat java.base/jdk.internal.reflect.DelegatingConstructorAccessorImpl.newInstance(DelegatingConstructorAccessorImpl.java:45)\n\tat java.base/java.lang.reflect.Constructor.newInstanceWithCaller(Constructor.java:500)\n\tat java.base/java.lang.reflect.Constructor.newInstance(Constructor.java:481)\n\tat org.codehaus.groovy.reflection.CachedConstructor.invoke(CachedConstructor.java:73)\n\tat org.codehaus.groovy.runtime.callsite.ConstructorSite$ConstructorSiteNoUnwrapNoCoerce.callConstructor(ConstructorSite.java:108)\n\tat org.codehaus.groovy.runtime.callsite.CallSiteArray.defaultCallConstructor(CallSiteArray.java:58)\n\tat org.codehaus.groovy.runtime.callsite.AbstractCallSite.callConstructor(AbstractCallSite.java:263)\n\tat org.codehaus.groovy.runtime.callsite.AbstractCallSite.callConstructor(AbstractCallSite.java:277)\n\tat io.restassured.internal.ResponseSpecificationImpl$HamcrestAssertionClosure.validate(ResponseSpecificationImpl.groovy:512)\n\tat io.restassured.internal.ResponseSpecificationImpl$HamcrestAssertionClosure$validate$1.call(Unknown Source)\n\tat io.restassured.internal.ResponseSpecificationImpl.validate(ResponseSpecificationImpl.groovy:101)\n\tat io.restassured.internal.ValidatableResponseOptionsImpl.spec(ValidatableResponseOptionsImpl.java:288)\n\tat com.example.teamcity.api.NewProjectTest.lambda$systemAdminCreatesProjectWithInvalidIdTest$22(NewProjectTest.java:188)\n\tat io.qameta.allure.Allure.lambda$step$0(Allure.java:113)\n\tat io.qameta.allure.Allure.lambda$step$1(Allure.java:127)\n\tat io.qameta.allure.Allure.step(Allure.java:181)\n\tat io.qameta.allure.Allure.step(Allure.java:125)\n\tat io.qameta.allure.Allure.step(Allure.java:112)\n\tat com.example.teamcity.api.NewProjectTest.systemAdminCreatesProjectWithInvalidIdTest(NewProjectTest.java:184)\n\tat java.base/jdk.internal.reflect.NativeMethodAccessorImpl.invoke0(Native Method)\n\tat java.base/jdk.internal.reflect.NativeMethodAccessorImpl.invoke(NativeMethodAccessorImpl.java:77)\n\tat java.base/jdk.internal.reflect.DelegatingMethodAccessorImpl.invoke(DelegatingMethodAccessorImpl.java:43)\n\tat java.base/java.lang.reflect.Method.invoke(Method.java:569)\n\tat org.testng.internal.invokers.MethodInvocationHelper.invokeMethod(MethodInvocationHelper.java:141)\n\tat org.testng.internal.invokers.TestInvoker.invokeMethod(TestInvoker.java:686)\n\tat org.testng.internal.invokers.TestInvoker.invokeTestMethod(TestInvoker.java:230)\n\tat org.testng.internal.invokers.MethodRunner.runInSequence(MethodRunner.java:63)\n\tat org.testng.internal.invokers.TestInvoker$MethodInvocationAgent.invoke(TestInvoker.java:992)\n\tat org.testng.internal.invokers.TestInvoker.invokeTestMethods(TestInvoker.java:203)\n\tat org.testng.internal.invokers.TestMethodWorker.invokeTestMethods(TestMethodWorker.java:154)\n\tat org.testng.internal.invokers.TestMethodWorker.run(TestMethodWorker.java:134)\n\tat java.base/java.util.ArrayList.forEach(ArrayList.java:1511)\n\tat org.testng.TestRunner.privateRun(TestRunner.java:739)\n\tat org.testng.TestRunner.run(TestRunner.java:614)\n\tat org.testng.SuiteRunner.runTest(SuiteRunner.java:421)\n\tat org.testng.SuiteRunner.runSequentially(SuiteRunner.java:413)\n\tat org.testng.SuiteRunner.privateRun(SuiteRunner.java:373)\n\tat org.testng.SuiteRunner.run(SuiteRunner.java:312)\n\tat org.testng.SuiteRunnerWorker.runSuite(SuiteRunnerWorker.java:52)\n\tat org.testng.SuiteRunnerWorker.run(SuiteRunnerWorker.java:95)\n\tat org.testng.TestNG.runSuitesSequentially(TestNG.java:1274)\n\tat org.testng.TestNG.runSuitesLocally(TestNG.java:1208)\n\tat org.testng.TestNG.runSuites(TestNG.java:1112)\n\tat org.testng.TestNG.run(TestNG.java:1079)\n\tat org.apache.maven.surefire.testng.TestNGExecutor.run(TestNGExecutor.java:155)\n\tat org.apache.maven.surefire.testng.TestNGDirectoryTestSuite.executeMulti(TestNGDirectoryTestSuite.java:169)\n\tat org.apache.maven.surefire.testng.TestNGDirectoryTestSuite.execute(TestNGDirectoryTestSuite.java:88)\n\tat org.apache.maven.surefire.testng.TestNGProvider.invoke(TestNGProvider.java:137)\n\tat org.apache.maven.surefire.booter.ForkedBooter.runSuitesInProcess(ForkedBooter.java:385)\n\tat org.apache.maven.surefire.booter.ForkedBooter.execute(ForkedBooter.java:162)\n\tat org.apache.maven.surefire.booter.ForkedBooter.run(ForkedBooter.java:507)\n\tat org.apache.maven.surefire.booter.ForkedBooter.main(ForkedBooter.java:495)\n","steps":[{"name":"Create system admin","time":{"start":1762466749772,"stop":1762466749824,"duration":52},"status":"passed","steps":[],"attachments":[{"uid":"def9292779575a4a","name":"Request","source":"def9292779575a4a.html","type":"text/html","size":1339},{"uid":"d25b038172c13003","name":"HTTP/1.1 200 ","source":"d25b038172c13003.html","type":"text/html","size":2267}],"parameters":[],"stepsCount":0,"shouldDisplayMessage":false,"attachmentsCount":2,"hasContent":true,"attachmentStep":false},{"name":"Create project with t1t1t1t1t1t1t1t1t1t1t1t1t1t1t1t1t1t1t1t1t1t1t1t1t1t1t1t1t1t1t1t1t1t1t1t1t1t1t1t1t id and check status 500 and error message Maximum characters number was exceeded","time":{"start":1762466749825,"stop":1762466749911,"duration":86},"status":"failed","statusMessage":"2 expectations failed.\nExpected status code <500> but was <200>.\n\nResponse body doesn't match expectation.\nExpected: a string containing \"Maximum characters number was exceeded\"\n  Actual: {\"id\":\"t1t1t1t1t1t1t1t1t1t1t1t1t1t1t1t1t1t1t1t1t1t1t1t1t1t1t1t1t1t1t1t1t1t1t1t1t1t1t1t1t\",\"name\":\"test_jZAkLLXwUr\",\"parentProjectId\":\"_Root\",\"virtual\":false,\"href\":\"/app/rest/projects/id:t1t1t1t1t1t1t1t1t1t1t1t1t1t1t1t1t1t1t1t1t1t1t1t1t1t1t1t1t1t1t1t1t1t1t1t1t1t1t1t1t\",\"webUrl\":\"http://localhost:8111/project.html?projectId=t1t1t1t1t1t1t1t1t1t1t1t1t1t1t1t1t1t1t1t1t1t1t1t1t1t1t1t1t1t1t1t1t1t1t1t1t1t1t1t1t\",\"parentProject\":{\"id\":\"_Root\",\"name\":\"<Root project>\",\"description\":\"Contains all other projects\",\"href\":\"/app/rest/projects/id:_Root\",\"webUrl\":\"http://localhost:8111/project.html?projectId=_Root\"},\"buildTypes\":{\"count\":0,\"buildType\":[]},\"templates\":{\"count\":0,\"buildType\":[]},\"deploymentDashboards\":{\"count\":0},\"parameters\":{\"count\":0,\"href\":\"/app/rest/projects/id:t1t1t1t1t1t1t1t1t1t1t1t1t1t1t1t1t1t1t1t1t1t1t1t1t1t1t1t1t1t1t1t1t1t1t1t1t1t1t1t1t/parameters\",\"property\":[]},\"vcsRoots\":{\"count\":0,\"href\":\"/app/rest/vcs-roots?locator=project:(id:t1t1t1t1t1t1t1t1t1t1t1t1t1t1t1t1t1t1t1t1t1t1t1t1t1t1t1t1t1t1t1t1t1t1t1t1t1t1t1t1t)\"},\"projectFeatures\":{\"count\":0,\"href\":\"/app/rest/projects/id:t1t1t1t1t1t1t1t1t1t1t1t1t1t1t1t1t1t1t1t1t1t1t1t1t1t1t1t1t1t1t1t1t1t1t1t1t1t1t1t1t/projectFeatures\"},\"projects\":{\"count\":0}}\n","statusTrace":"java.lang.AssertionError: 2 expectations failed.\nExpected status code <500> but was <200>.\n\nResponse body doesn't match expectation.\nExpected: a string containing \"Maximum characters number was exceeded\"\n  Actual: {\"id\":\"t1t1t1t1t1t1t1t1t1t1t1t1t1t1t1t1t1t1t1t1t1t1t1t1t1t1t1t1t1t1t1t1t1t1t1t1t1t1t1t1t\",\"name\":\"test_jZAkLLXwUr\",\"parentProjectId\":\"_Root\",\"virtual\":false,\"href\":\"/app/rest/projects/id:t1t1t1t1t1t1t1t1t1t1t1t1t1t1t1t1t1t1t1t1t1t1t1t1t1t1t1t1t1t1t1t1t1t1t1t1t1t1t1t1t\",\"webUrl\":\"http://localhost:8111/project.html?projectId=t1t1t1t1t1t1t1t1t1t1t1t1t1t1t1t1t1t1t1t1t1t1t1t1t1t1t1t1t1t1t1t1t1t1t1t1t1t1t1t1t\",\"parentProject\":{\"id\":\"_Root\",\"name\":\"<Root project>\",\"description\":\"Contains all other projects\",\"href\":\"/app/rest/projects/id:_Root\",\"webUrl\":\"http://localhost:8111/project.html?projectId=_Root\"},\"buildTypes\":{\"count\":0,\"buildType\":[]},\"templates\":{\"count\":0,\"buildType\":[]},\"deploymentDashboards\":{\"count\":0},\"parameters\":{\"count\":0,\"href\":\"/app/rest/projects/id:t1t1t1t1t1t1t1t1t1t1t1t1t1t1t1t1t1t1t1t1t1t1t1t1t1t1t1t1t1t1t1t1t1t1t1t1t1t1t1t1t/parameters\",\"property\":[]},\"vcsRoots\":{\"count\":0,\"href\":\"/app/rest/vcs-roots?locator=project:(id:t1t1t1t1t1t1t1t1t1t1t1t1t1t1t1t1t1t1t1t1t1t1t1t1t1t1t1t1t1t1t1t1t1t1t1t1t1t1t1t1t)\"},\"projectFeatures\":{\"count\":0,\"href\":\"/app/rest/projects/id:t1t1t1t1t1t1t1t1t1t1t1t1t1t1t1t1t1t1t1t1t1t1t1t1t1t1t1t1t1t1t1t1t1t1t1t1t1t1t1t1t/projectFeatures\"},\"projects\":{\"count\":0}}\n\n\tat java.base/jdk.internal.reflect.NativeConstructorAccessorImpl.newInstance0(Native Method)\n\tat java.base/jdk.internal.reflect.NativeConstructorAccessorImpl.newInstance(NativeConstructorAccessorImpl.java:77)\n\tat java.base/jdk.internal.reflect.DelegatingConstructorAccessorImpl.newInstance(DelegatingConstructorAccessorImpl.java:45)\n\tat java.base/java.lang.reflect.Constructor.newInstanceWithCaller(Constructor.java:500)\n\tat java.base/java.lang.reflect.Constructor.newInstance(Constructor.java:481)\n\tat org.codehaus.groovy.reflection.CachedConstructor.invoke(CachedConstructor.java:73)\n\tat org.codehaus.groovy.runtime.callsite.ConstructorSite$ConstructorSiteNoUnwrapNoCoerce.callConstructor(ConstructorSite.java:108)\n\tat org.codehaus.groovy.runtime.callsite.CallSiteArray.defaultCallConstructor(CallSiteArray.java:58)\n\tat org.codehaus.groovy.runtime.callsite.AbstractCallSite.callConstructor(AbstractCallSite.java:263)\n\tat org.codehaus.groovy.runtime.callsite.AbstractCallSite.callConstructor(AbstractCallSite.java:277)\n\tat io.restassured.internal.ResponseSpecificationImpl$HamcrestAssertionClosure.validate(ResponseSpecificationImpl.groovy:512)\n\tat io.restassured.internal.ResponseSpecificationImpl$HamcrestAssertionClosure$validate$1.call(Unknown Source)\n\tat io.restassured.internal.ResponseSpecificationImpl.validate(ResponseSpecificationImpl.groovy:101)\n\tat io.restassured.internal.ValidatableResponseOptionsImpl.spec(ValidatableResponseOptionsImpl.java:288)\n\tat com.example.teamcity.api.NewProjectTest.lambda$systemAdminCreatesProjectWithInvalidIdTest$22(NewProjectTest.java:188)\n\tat io.qameta.allure.Allure.lambda$step$0(Allure.java:113)\n\tat io.qameta.allure.Allure.lambda$step$1(Allure.java:127)\n\tat io.qameta.allure.Allure.step(Allure.java:181)\n\tat io.qameta.allure.Allure.step(Allure.java:125)\n\tat io.qameta.allure.Allure.step(Allure.java:112)\n\tat com.example.teamcity.api.NewProjectTest.systemAdminCreatesProjectWithInvalidIdTest(NewProjectTest.java:184)\n\tat java.base/jdk.internal.reflect.NativeMethodAccessorImpl.invoke0(Native Method)\n\tat java.base/jdk.internal.reflect.NativeMethodAccessorImpl.invoke(NativeMethodAccessorImpl.java:77)\n\tat java.base/jdk.internal.reflect.DelegatingMethodAccessorImpl.invoke(DelegatingMethodAccessorImpl.java:43)\n\tat java.base/java.lang.reflect.Method.invoke(Method.java:569)\n\tat org.testng.internal.invokers.MethodInvocationHelper.invokeMethod(MethodInvocationHelper.java:141)\n\tat org.testng.internal.invokers.TestInvoker.invokeMethod(TestInvoker.java:686)\n\tat org.testng.internal.invokers.TestInvoker.invokeTestMethod(TestInvoker.java:230)\n\tat org.testng.internal.invokers.MethodRunner.runInSequence(MethodRunner.java:63)\n\tat org.testng.internal.invokers.TestInvoker$MethodInvocationAgent.invoke(TestInvoker.java:992)\n\tat org.testng.internal.invokers.TestInvoker.invokeTestMethods(TestInvoker.java:203)\n\tat org.testng.internal.invokers.TestMethodWorker.invokeTestMethods(TestMethodWorker.java:154)\n\tat org.testng.internal.invokers.TestMethodWorker.run(TestMethodWorker.java:134)\n\tat java.base/java.util.ArrayList.forEach(ArrayList.java:1511)\n\tat org.testng.TestRunner.privateRun(TestRunner.java:739)\n\tat org.testng.TestRunner.run(TestRunner.java:614)\n\tat org.testng.SuiteRunner.runTest(SuiteRunner.java:421)\n\tat org.testng.SuiteRunner.runSequentially(SuiteRunner.java:413)\n\tat org.testng.SuiteRunner.privateRun(SuiteRunner.java:373)\n\tat org.testng.SuiteRunner.run(SuiteRunner.java:312)\n\tat org.testng.SuiteRunnerWorker.runSuite(SuiteRunnerWorker.java:52)\n\tat org.testng.SuiteRunnerWorker.run(SuiteRunnerWorker.java:95)\n\tat org.testng.TestNG.runSuitesSequentially(TestNG.java:1274)\n\tat org.testng.TestNG.runSuitesLocally(TestNG.java:1208)\n\tat org.testng.TestNG.runSuites(TestNG.java:1112)\n\tat org.testng.TestNG.run(TestNG.java:1079)\n\tat org.apache.maven.surefire.testng.TestNGExecutor.run(TestNGExecutor.java:155)\n\tat org.apache.maven.surefire.testng.TestNGDirectoryTestSuite.executeMulti(TestNGDirectoryTestSuite.java:169)\n\tat org.apache.maven.surefire.testng.TestNGDirectoryTestSuite.execute(TestNGDirectoryTestSuite.java:88)\n\tat org.apache.maven.surefire.testng.TestNGProvider.invoke(TestNGProvider.java:137)\n\tat org.apache.maven.surefire.booter.ForkedBooter.runSuitesInProcess(ForkedBooter.java:385)\n\tat org.apache.maven.surefire.booter.ForkedBooter.execute(ForkedBooter.java:162)\n\tat org.apache.maven.surefire.booter.ForkedBooter.run(ForkedBooter.java:507)\n\tat org.apache.maven.surefire.booter.ForkedBooter.main(ForkedBooter.java:495)\n","steps":[],"attachments":[{"uid":"349cef51a0d4ba20","name":"Request","source":"349cef51a0d4ba20.html","type":"text/html","size":1043},{"uid":"23ff8d9645eaeb96","name":"HTTP/1.1 200 ","source":"23ff8d9645eaeb96.html","type":"text/html","size":2615}],"parameters":[],"stepsCount":0,"shouldDisplayMessage":true,"attachmentsCount":2,"hasContent":true,"attachmentStep":false}],"attachments":[],"parameters":[],"stepsCount":2,"shouldDisplayMessage":false,"attachmentsCount":4,"hasContent":true,"attachmentStep":false},"afterStages":[{"name":"afterTest","time":{"start":1762466749918,"stop":1762466749962,"duration":44},"description":"","status":"passed","steps":[],"attachments":[{"uid":"c7668cb89644c198","name":"Request","source":"c7668cb89644c198.html","type":"text/html","size":564},{"uid":"9b66f4b5f873cb06","name":"HTTP/1.1 204 ","source":"9b66f4b5f873cb06.html","type":"text/html","size":478}],"parameters":[],"stepsCount":0,"shouldDisplayMessage":false,"attachmentsCount":2,"hasContent":true,"attachmentStep":false}],"labels":[{"name":"package","value":"com.example.teamcity.api.NewProjectTest"},{"name":"testClass","value":"com.example.teamcity.api.NewProjectTest"},{"name":"testMethod","value":"systemAdminCreatesProjectWithInvalidIdTest"},{"name":"parentSuite","value":"Surefire suite"},{"name":"suite","value":"Surefire test"},{"name":"subSuite","value":"com.example.teamcity.api.NewProjectTest"},{"name":"host","value":"runnervmf2e7y"},{"name":"thread","value":"4462@runnervmf2e7y.main(1)"},{"name":"framework","value":"testng"},{"name":"language","value":"java"},{"name":"resultFormat","value":"allure2"}],"parameters":[{"name":"arg0","value":"t1t1t1t1t1t1t1t1t1t1t1t1t1t1t1t1t1t1t1t1t1t1t1t1t1t1t1t1t1t1t1t1t1t1t1t1t1t1t1t1t"},{"name":"arg1","value":"500"},{"name":"arg2","value":"Maximum characters number was exceeded"}],"links":[],"hidden":false,"retry":false,"extra":{"severity":"normal","retries":[],"categories":[{"name":"Product defects","matchedStatuses":[],"flaky":false}],"tags":[]},"source":"4900717c78143dbb.json","parameterValues":["t1t1t1t1t1t1t1t1t1t1t1t1t1t1t1t1t1t1t1t1t1t1t1t1t1t1t1t1t1t1t1t1t1t1t1t1t1t1t1t1t","500","Maximum characters number was exceeded"]}